<?xml version="1.0" encoding="UTF-8"?>
<!-- Generated by org.testng.reporters.JUnitReportReporter -->
<testsuite skipped="0" hostname="DESKTOP-SOAO1GE" name="com.bwi.qa.testScripts.FindHotelTest" tests="1" failures="0" timestamp="28 Feb 2021 04:15:52 GMT" time="204.872" errors="0">
  <testcase name="findHotel" time="204.872" classname="com.bwi.qa.testScripts.FindHotelTest"/>
</testsuite> <!-- com.bwi.qa.testScripts.FindHotelTest -->
